<?xml version="1.0" encoding="UTF-8"?>
<!-- Generated by org.testng.reporters.JUnitReportReporter -->
<testsuite hostname="HARISH-PC" failures="0" tests="1" name="com.SwagLabs.testScripts.PurchaseProductsTest" time="4.937" errors="0" timestamp="2023-01-09T17:59:07 IST" skipped="0">
  <testcase classname="com.SwagLabs.testScripts.PurchaseProductsTest" name="aorderTshirtTest" time="4.937"/>
  <system-out>
    <![CDATA[CHECKOUT: COMPLETE!]]>
  </system-out>
</testsuite> <!-- com.SwagLabs.testScripts.PurchaseProductsTest -->
