<?xml version="1.0" encoding="UTF-8"?>
<!-- Generated by org.testng.reporters.JUnitReportReporter -->
<testsuite hostname="HARISH-PC" failures="0" tests="1" name="com.SwagLabs.testScripts.ListOfProductsTest" time="1.725" errors="0" timestamp="2023-01-09T17:11:21 IST" skipped="0">
  <testcase classname="com.SwagLabs.testScripts.ListOfProductsTest" name="displayListOfProducts" time="1.725"/>
  <system-out>
    <![CDATA[Sauce Labs Backpack
Sauce Labs Bike Light
Sauce Labs Bolt T-Shirt
Sauce Labs Fleece Jacket
Sauce Labs Onesie
Test.allTheThings() T-Shirt (Red)]]>
  </system-out>
</testsuite> <!-- com.SwagLabs.testScripts.ListOfProductsTest -->
